2025-05-15 14:19:22,924 - deploy_to_github - INFO - Starting deployment to GitHub Pages
2025-05-15 14:19:22,940 - deploy_to_github - INFO - Copied C:\Users\Stephen.Sims\OneDrive - Shell\VS_Code\AI_News_Collector\ai_news.csv to C:\Users\Stephen.Sims\OneDrive - Shell\VS_Code\AI_News_Collector\docs\data\ai_news.csv
2025-05-15 14:19:22,949 - deploy_to_github - INFO - Copied file C:\Users\Stephen.Sims\OneDrive - Shell\VS_Code\AI_News_Collector\web_app\app.js to C:\Users\Stephen.Sims\OneDrive - Shell\VS_Code\AI_News_Collector\docs\app.js
2025-05-15 14:20:11,255 - deploy_to_github - INFO - Starting deployment to GitHub Pages
2025-05-15 14:20:11,269 - deploy_to_github - INFO - Copied C:\Users\Stephen.Sims\OneDrive - Shell\VS_Code\AI_News_Collector\ai_news.csv to C:\Users\Stephen.Sims\OneDrive - Shell\VS_Code\AI_News_Collector\docs\data\ai_news.csv
2025-05-15 14:20:11,277 - deploy_to_github - INFO - Copied file C:\Users\Stephen.Sims\OneDrive - Shell\VS_Code\AI_News_Collector\web_app\app.js to C:\Users\Stephen.Sims\OneDrive - Shell\VS_Code\AI_News_Collector\docs\app.js
2025-05-15 14:20:11,288 - deploy_to_github - INFO - Copied data file C:\Users\Stephen.Sims\OneDrive - Shell\VS_Code\AI_News_Collector\web_app\data\ai_news.csv to C:\Users\Stephen.Sims\OneDrive - Shell\VS_Code\AI_News_Collector\docs\data\ai_news.csv
2025-05-15 14:20:11,290 - deploy_to_github - INFO - Created .nojekyll file at C:\Users\Stephen.Sims\OneDrive - Shell\VS_Code\AI_News_Collector\docs\.nojekyll
2025-05-15 14:20:11,293 - deploy_to_github - INFO - Created/updated _config.yml at C:\Users\Stephen.Sims\OneDrive - Shell\VS_Code\AI_News_Collector\docs\_config.yml
2025-05-15 14:20:11,297 - deploy_to_github - INFO - Deployment to GitHub Pages completed successfully
2025-05-15 14:22:09,071 - deploy_to_github - INFO - Starting deployment to GitHub Pages
2025-05-15 14:22:09,084 - deploy_to_github - INFO - Copied C:\Users\Stephen.Sims\OneDrive - Shell\VS_Code\AI_News_Collector\ai_news.csv to C:\Users\Stephen.Sims\OneDrive - Shell\VS_Code\AI_News_Collector\docs\data\ai_news.csv
2025-05-15 14:22:09,092 - deploy_to_github - INFO - Copied file C:\Users\Stephen.Sims\OneDrive - Shell\VS_Code\AI_News_Collector\web_app\app.js to C:\Users\Stephen.Sims\OneDrive - Shell\VS_Code\AI_News_Collector\docs\app.js
2025-05-15 14:22:09,105 - deploy_to_github - INFO - Copied data file C:\Users\Stephen.Sims\OneDrive - Shell\VS_Code\AI_News_Collector\web_app\data\ai_news.csv to C:\Users\Stephen.Sims\OneDrive - Shell\VS_Code\AI_News_Collector\docs\data\ai_news.csv
2025-05-15 14:22:09,107 - deploy_to_github - INFO - Created .nojekyll file at C:\Users\Stephen.Sims\OneDrive - Shell\VS_Code\AI_News_Collector\docs\.nojekyll
2025-05-15 14:22:09,110 - deploy_to_github - INFO - Created/updated _config.yml at C:\Users\Stephen.Sims\OneDrive - Shell\VS_Code\AI_News_Collector\docs\_config.yml
2025-05-15 14:22:09,113 - deploy_to_github - INFO - Deployment to GitHub Pages completed successfully
2025-05-15 14:26:41,795 - deploy_to_github - INFO - Starting deployment to GitHub Pages
2025-05-15 14:26:41,806 - deploy_to_github - INFO - Copied C:\Users\Stephen.Sims\OneDrive - Shell\VS_Code\AI_News_Collector\ai_news.csv to C:\Users\Stephen.Sims\OneDrive - Shell\VS_Code\AI_News_Collector\docs\data\ai_news.csv
2025-05-15 14:26:41,847 - deploy_to_github - INFO - Copied file C:\Users\Stephen.Sims\OneDrive - Shell\VS_Code\AI_News_Collector\web_app\app.js to C:\Users\Stephen.Sims\OneDrive - Shell\VS_Code\AI_News_Collector\docs\app.js
2025-05-15 14:26:41,881 - deploy_to_github - INFO - Copied data file C:\Users\Stephen.Sims\OneDrive - Shell\VS_Code\AI_News_Collector\web_app\data\ai_news.csv to C:\Users\Stephen.Sims\OneDrive - Shell\VS_Code\AI_News_Collector\docs\data\ai_news.csv
2025-05-15 14:26:41,884 - deploy_to_github - INFO - Created .nojekyll file at C:\Users\Stephen.Sims\OneDrive - Shell\VS_Code\AI_News_Collector\docs\.nojekyll
2025-05-15 14:26:41,886 - deploy_to_github - INFO - Created/updated _config.yml at C:\Users\Stephen.Sims\OneDrive - Shell\VS_Code\AI_News_Collector\docs\_config.yml
2025-05-15 14:26:41,889 - deploy_to_github - INFO - Deployment to GitHub Pages completed successfully
